<?xml version="1.0" encoding="UTF-8"?>
<testng-results ignored="0" total="3" passed="3" failed="0" skipped="0">
  <reporter-output>
  </reporter-output>
  <suite started-at="2023-11-10T10:23:02 IST" name="Suite" finished-at="2023-11-10T10:23:14 IST" duration-ms="12171">
    <groups>
    </groups>
    <test started-at="2023-11-10T10:23:02 IST" name="Test2" finished-at="2023-11-10T10:23:11 IST" duration-ms="9730">
      <class name="suiteparameters.parametersclass12">
        <test-method is-config="true" signature="a1(java.lang.String)[pri:0, instance:suiteparameters.parametersclass12@24313fcc]" started-at="2023-11-10T10:23:02 IST" name="a1" finished-at="2023-11-10T10:23:08 IST" duration-ms="6426" status="PASS">
          <params>
            <param index="0">
              <value>
                <![CDATA[edge]]>
              </value>
            </param>
          </params>
          <reporter-output>
          </reporter-output>
        </test-method> <!-- a1 -->
        <test-method signature="a2()[pri:0, instance:suiteparameters.parametersclass12@24313fcc]" started-at="2023-11-10T10:23:08 IST" name="a2" finished-at="2023-11-10T10:23:11 IST" duration-ms="2806" status="PASS">
          <reporter-output>
          </reporter-output>
        </test-method> <!-- a2 -->
        <test-method is-config="true" signature="testclo()[pri:0, instance:suiteparameters.parametersclass12@24313fcc]" started-at="2023-11-10T10:23:11 IST" name="testclo" finished-at="2023-11-10T10:23:11 IST" duration-ms="469" status="PASS">
          <reporter-output>
          </reporter-output>
        </test-method> <!-- testclo -->
      </class> <!-- suiteparameters.parametersclass12 -->
    </test> <!-- Test2 -->
    <test started-at="2023-11-10T10:23:02 IST" name="Test" finished-at="2023-11-10T10:23:14 IST" duration-ms="12171">
      <class name="suiteparameters.parameterssuite12">
        <test-method is-config="true" signature="launch(java.lang.String)[pri:0, instance:suiteparameters.parameterssuite12@5aa9e4eb]" started-at="2023-11-10T10:23:02 IST" name="launch" finished-at="2023-11-10T10:23:06 IST" duration-ms="3951" status="PASS">
          <params>
            <param index="0">
              <value>
                <![CDATA[chrome]]>
              </value>
            </param>
          </params>
          <reporter-output>
          </reporter-output>
        </test-method> <!-- launch -->
        <test-method signature="Q1(java.lang.String)[pri:0, instance:suiteparameters.parameterssuite12@5aa9e4eb]" started-at="2023-11-10T10:23:06 IST" name="Q1" finished-at="2023-11-10T10:23:07 IST" duration-ms="1691" status="PASS">
          <params>
            <param index="0">
              <value>
                <![CDATA[http://empirehome.myprojectsonline.co.in/]]>
              </value>
            </param>
          </params>
          <reporter-output>
          </reporter-output>
        </test-method> <!-- Q1 -->
        <test-method signature="Q2(java.lang.String,java.lang.String)[pri:0, instance:suiteparameters.parameterssuite12@5aa9e4eb]" started-at="2023-11-10T10:23:07 IST" name="Q2" finished-at="2023-11-10T10:23:10 IST" duration-ms="3114" status="PASS">
          <params>
            <param index="0">
              <value>
                <![CDATA[sureshbabuemp@gmail.com]]>
              </value>
            </param>
            <param index="1">
              <value>
                <![CDATA[ZPMHQHIA]]>
              </value>
            </param>
          </params>
          <reporter-output>
          </reporter-output>
        </test-method> <!-- Q2 -->
        <test-method is-config="true" signature="clos()[pri:0, instance:suiteparameters.parameterssuite12@5aa9e4eb]" started-at="2023-11-10T10:23:10 IST" name="clos" finished-at="2023-11-10T10:23:14 IST" duration-ms="3330" status="PASS">
          <reporter-output>
          </reporter-output>
        </test-method> <!-- clos -->
      </class> <!-- suiteparameters.parameterssuite12 -->
    </test> <!-- Test -->
  </suite> <!-- Suite -->
</testng-results>
